Traceback (most recent call last):
  File "/Users/tyler/DataLab/workshops/workshop_python_basics/env/lib/python3.10/site-packages/jupyter_cache/executors/utils.py", line 51, in single_nb_execution
    executenb(
  File "/Users/tyler/DataLab/workshops/workshop_python_basics/env/lib/python3.10/site-packages/nbclient/client.py", line 1204, in execute
    return NotebookClient(nb=nb, resources=resources, km=km, **kwargs).execute()
  File "/Users/tyler/DataLab/workshops/workshop_python_basics/env/lib/python3.10/site-packages/nbclient/util.py", line 84, in wrapped
    return just_run(coro(*args, **kwargs))
  File "/Users/tyler/DataLab/workshops/workshop_python_basics/env/lib/python3.10/site-packages/nbclient/util.py", line 62, in just_run
    return loop.run_until_complete(coro)
  File "/usr/local/Cellar/python@3.10/3.10.7/Frameworks/Python.framework/Versions/3.10/lib/python3.10/asyncio/base_events.py", line 646, in run_until_complete
    return future.result()
  File "/Users/tyler/DataLab/workshops/workshop_python_basics/env/lib/python3.10/site-packages/nbclient/client.py", line 663, in async_execute
    await self.async_execute_cell(
  File "/Users/tyler/DataLab/workshops/workshop_python_basics/env/lib/python3.10/site-packages/nbclient/client.py", line 965, in async_execute_cell
    await self._check_raise_for_error(cell, cell_index, exec_reply)
  File "/Users/tyler/DataLab/workshops/workshop_python_basics/env/lib/python3.10/site-packages/nbclient/client.py", line 862, in _check_raise_for_error
    raise CellExecutionError.from_cell_and_msg(cell, exec_reply_content)
nbclient.exceptions.CellExecutionError: An error occurred while executing the following cell:
------------------
banknotes[banknotes["current_bill_value"] == 10.0, "currency_name"]
------------------

[0;31m---------------------------------------------------------------------------[0m
[0;31mTypeError[0m                                 Traceback (most recent call last)
File [0;32m~/DataLab/workshops/workshop_python_basics/env/lib/python3.10/site-packages/pandas/core/indexes/base.py:3800[0m, in [0;36mIndex.get_loc[0;34m(self, key, method, tolerance)[0m
[1;32m   3799[0m [38;5;28;01mtry[39;00m:
[0;32m-> 3800[0m     [38;5;28;01mreturn[39;00m [38;5;28;43mself[39;49m[38;5;241;43m.[39;49m[43m_engine[49m[38;5;241;43m.[39;49m[43mget_loc[49m[43m([49m[43mcasted_key[49m[43m)[49m
[1;32m   3801[0m [38;5;28;01mexcept[39;00m [38;5;167;01mKeyError[39;00m [38;5;28;01mas[39;00m err:

File [0;32m~/DataLab/workshops/workshop_python_basics/env/lib/python3.10/site-packages/pandas/_libs/index.pyx:138[0m, in [0;36mpandas._libs.index.IndexEngine.get_loc[0;34m()[0m

File [0;32m~/DataLab/workshops/workshop_python_basics/env/lib/python3.10/site-packages/pandas/_libs/index.pyx:144[0m, in [0;36mpandas._libs.index.IndexEngine.get_loc[0;34m()[0m

[0;31mTypeError[0m: '(country
Argentina       False
Argentina       False
Argentina       False
Argentina       False
Argentina        True
                ...  
South Africa     True
South Africa    False
South Africa    False
South Africa    False
South Africa    False
Name: current_bill_value, Length: 279, dtype: bool, 'currency_name')' is an invalid key

During handling of the above exception, another exception occurred:

[0;31mInvalidIndexError[0m                         Traceback (most recent call last)
Cell [0;32mIn [68], line 1[0m
[0;32m----> 1[0m [43mbanknotes[49m[43m[[49m[43mbanknotes[49m[43m[[49m[38;5;124;43m"[39;49m[38;5;124;43mcurrent_bill_value[39;49m[38;5;124;43m"[39;49m[43m][49m[43m [49m[38;5;241;43m==[39;49m[43m [49m[38;5;241;43m10.0[39;49m[43m,[49m[43m [49m[38;5;124;43m"[39;49m[38;5;124;43mcurrency_name[39;49m[38;5;124;43m"[39;49m[43m][49m

File [0;32m~/DataLab/workshops/workshop_python_basics/env/lib/python3.10/site-packages/pandas/core/frame.py:3805[0m, in [0;36mDataFrame.__getitem__[0;34m(self, key)[0m
[1;32m   3803[0m [38;5;28;01mif[39;00m [38;5;28mself[39m[38;5;241m.[39mcolumns[38;5;241m.[39mnlevels [38;5;241m>[39m [38;5;241m1[39m:
[1;32m   3804[0m     [38;5;28;01mreturn[39;00m [38;5;28mself[39m[38;5;241m.[39m_getitem_multilevel(key)
[0;32m-> 3805[0m indexer [38;5;241m=[39m [38;5;28;43mself[39;49m[38;5;241;43m.[39;49m[43mcolumns[49m[38;5;241;43m.[39;49m[43mget_loc[49m[43m([49m[43mkey[49m[43m)[49m
[1;32m   3806[0m [38;5;28;01mif[39;00m is_integer(indexer):
[1;32m   3807[0m     indexer [38;5;241m=[39m [indexer]

File [0;32m~/DataLab/workshops/workshop_python_basics/env/lib/python3.10/site-packages/pandas/core/indexes/base.py:3807[0m, in [0;36mIndex.get_loc[0;34m(self, key, method, tolerance)[0m
[1;32m   3802[0m         [38;5;28;01mraise[39;00m [38;5;167;01mKeyError[39;00m(key) [38;5;28;01mfrom[39;00m [38;5;21;01merr[39;00m
[1;32m   3803[0m     [38;5;28;01mexcept[39;00m [38;5;167;01mTypeError[39;00m:
[1;32m   3804[0m         [38;5;66;03m# If we have a listlike key, _check_indexing_error will raise[39;00m
[1;32m   3805[0m         [38;5;66;03m#  InvalidIndexError. Otherwise we fall through and re-raise[39;00m
[1;32m   3806[0m         [38;5;66;03m#  the TypeError.[39;00m
[0;32m-> 3807[0m         [38;5;28;43mself[39;49m[38;5;241;43m.[39;49m[43m_check_indexing_error[49m[43m([49m[43mkey[49m[43m)[49m
[1;32m   3808[0m         [38;5;28;01mraise[39;00m
[1;32m   3810[0m [38;5;66;03m# GH#42269[39;00m

File [0;32m~/DataLab/workshops/workshop_python_basics/env/lib/python3.10/site-packages/pandas/core/indexes/base.py:5963[0m, in [0;36mIndex._check_indexing_error[0;34m(self, key)[0m
[1;32m   5959[0m [38;5;28;01mdef[39;00m [38;5;21m_check_indexing_error[39m([38;5;28mself[39m, key):
[1;32m   5960[0m     [38;5;28;01mif[39;00m [38;5;129;01mnot[39;00m is_scalar(key):
[1;32m   5961[0m         [38;5;66;03m# if key is not a scalar, directly raise an error (the code below[39;00m
[1;32m   5962[0m         [38;5;66;03m# would convert to numpy arrays and raise later any way) - GH29926[39;00m
[0;32m-> 5963[0m         [38;5;28;01mraise[39;00m InvalidIndexError(key)

[0;31mInvalidIndexError[0m: (country
Argentina       False
Argentina       False
Argentina       False
Argentina       False
Argentina        True
                ...  
South Africa     True
South Africa    False
South Africa    False
South Africa    False
South Africa    False
Name: current_bill_value, Length: 279, dtype: bool, 'currency_name')
InvalidIndexError: (country
Argentina       False
Argentina       False
Argentina       False
Argentina       False
Argentina        True
                ...  
South Africa     True
South Africa    False
South Africa    False
South Africa    False
South Africa    False
Name: current_bill_value, Length: 279, dtype: bool, 'currency_name')

